[04-Aug-2023 13:28:35 UTC] WordPress database error Server shutdown in progress for query UPDATE `wp_options` SET `option_value` = 'O:8:\"stdClass\":4:{s:7:\"updates\";a:1:{i:0;O:8:\"stdClass\":10:{s:8:\"response\";s:6:\"latest\";s:8:\"download\";s:59:\"https://downloads.wordpress.org/release/wordpress-6.2.2.zip\";s:6:\"locale\";s:5:\"en_US\";s:8:\"packages\";O:8:\"stdClass\":5:{s:4:\"full\";s:59:\"https://downloads.wordpress.org/release/wordpress-6.2.2.zip\";s:10:\"no_content\";s:70:\"https://downloads.wordpress.org/release/wordpress-6.2.2-no-content.zip\";s:11:\"new_bundled\";s:71:\"https://downloads.wordpress.org/release/wordpress-6.2.2-new-bundled.zip\";s:7:\"partial\";s:0:\"\";s:8:\"rollback\";s:0:\"\";}s:7:\"current\";s:5:\"6.2.2\";s:7:\"version\";s:5:\"6.2.2\";s:11:\"php_version\";s:6:\"5.6.20\";s:13:\"mysql_version\";s:3:\"5.0\";s:11:\"new_bundled\";s:3:\"6.1\";s:15:\"partial_version\";s:0:\"\";}}s:12:\"last_checked\";i:1691155715;s:15:\"version_checked\";s:5:\"6.2.2\";s:12:\"translations\";a:0:{}}', `autoload` = 'no' WHERE `option_name` = '_site_transient_update_core' made by include('phar:///Applications/Local.app/Contents/Resources/extraResources/bin/wp-cli/wp-cli.phar/php/boot-phar.php'), include('phar:///Applications/Local.app/Contents/Resources/extraResources/bin/wp-cli/wp-cli.phar/vendor/wp-cli/wp-cli/php/wp-cli.php'), WP_CLI\bootstrap, WP_CLI\Bootstrap\LaunchRunner->process, WP_CLI\Runner->start, WP_CLI\Runner->run_command_and_exit, WP_CLI\Runner->run_command, WP_CLI\Dispatcher\Subcommand->invoke, call_user_func, WP_CLI\Dispatcher\CommandFactory::WP_CLI\Dispatcher\{closure}, call_user_func, Core_Command->check_update, Core_Command->get_updates, wp_version_check, set_site_transient, update_site_option, update_network_option, update_option
[04-Aug-2023 14:01:19 UTC] Xdebug: [Step Debug] Could not connect to debugging client. Tried: localhost:9003 (fallback through xdebug.client_host/xdebug.client_port) :-(
[04-Aug-2023 14:01:19 UTC] Xdebug: [Step Debug] Could not connect to debugging client. Tried: localhost:9003 (fallback through xdebug.client_host/xdebug.client_port) :-(
[04-Aug-2023 14:01:19 UTC] Xdebug: [Step Debug] Could not connect to debugging client. Tried: localhost:9003 (fallback through xdebug.client_host/xdebug.client_port) :-(
[04-Aug-2023 14:01:19 UTC] Xdebug: [Step Debug] Could not connect to debugging client. Tried: localhost:9003 (fallback through xdebug.client_host/xdebug.client_port) :-(
[04-Aug-2023 14:01:19 UTC] Xdebug: [Step Debug] Could not connect to debugging client. Tried: localhost:9003 (fallback through xdebug.client_host/xdebug.client_port) :-(
[04-Aug-2023 14:01:19 UTC] Xdebug: [Step Debug] Could not connect to debugging client. Tried: localhost:9003 (fallback through xdebug.client_host/xdebug.client_port) :-(
[04-Aug-2023 14:01:19 UTC] Xdebug: [Step Debug] Could not connect to debugging client. Tried: localhost:9003 (fallback through xdebug.client_host/xdebug.client_port) :-(
[04-Aug-2023 14:01:19 UTC] Xdebug: [Step Debug] Could not connect to debugging client. Tried: localhost:9003 (fallback through xdebug.client_host/xdebug.client_port) :-(
[04-Aug-2023 14:01:19 UTC] Xdebug: [Step Debug] Could not connect to debugging client. Tried: localhost:9003 (fallback through xdebug.client_host/xdebug.client_port) :-(
[04-Aug-2023 14:01:19 UTC] Xdebug: [Step Debug] Could not connect to debugging client. Tried: localhost:9003 (fallback through xdebug.client_host/xdebug.client_port) :-(
[04-Aug-2023 14:01:19 UTC] Xdebug: [Step Debug] Could not connect to debugging client. Tried: localhost:9003 (fallback through xdebug.client_host/xdebug.client_port) :-(
[04-Aug-2023 14:01:19 UTC] Xdebug: [Step Debug] Could not connect to debugging client. Tried: localhost:9003 (fallback through xdebug.client_host/xdebug.client_port) :-(
[04-Aug-2023 14:01:19 UTC] Xdebug: [Step Debug] Could not connect to debugging client. Tried: ::1:9003 (from HTTP_X_FORWARDED_FOR HTTP header), localhost:9003 (fallback through xdebug.client_host/xdebug.client_port) :-(
[04-Aug-2023 14:01:19 UTC] Xdebug: [Step Debug] Could not connect to debugging client. Tried: ::1:9003 (from HTTP_X_FORWARDED_FOR HTTP header), localhost:9003 (fallback through xdebug.client_host/xdebug.client_port) :-(
[04-Aug-2023 14:01:19 UTC] Xdebug: [Step Debug] Could not connect to debugging client. Tried: ::1:9003 (from HTTP_X_FORWARDED_FOR HTTP header), localhost:9003 (fallback through xdebug.client_host/xdebug.client_port) :-(
[04-Aug-2023 14:01:19 UTC] Xdebug: [Step Debug] Could not connect to debugging client. Tried: ::1:9003 (from HTTP_X_FORWARDED_FOR HTTP header), localhost:9003 (fallback through xdebug.client_host/xdebug.client_port) :-(
[04-Aug-2023 14:01:20 UTC] Cron reschedule event error for hook: um_hourly_scheduled_events, Error code: could_not_set, Error message: The cron event list could not be saved., Data: {"schedule":"hourly","args":[],"interval":3600}
[04-Aug-2023 14:01:20 UTC] Xdebug: [Step Debug] Could not connect to debugging client. Tried: ::1:9003 (from HTTP_X_FORWARDED_FOR HTTP header), localhost:9003 (fallback through xdebug.client_host/xdebug.client_port) :-(
[04-Aug-2023 14:01:20 UTC] Xdebug: [Step Debug] Could not connect to debugging client. Tried: ::1:9003 (from HTTP_X_FORWARDED_FOR HTTP header), localhost:9003 (fallback through xdebug.client_host/xdebug.client_port) :-(
[04-Aug-2023 14:01:20 UTC] Xdebug: [Step Debug] Could not connect to debugging client. Tried: ::1:9003 (from HTTP_X_FORWARDED_FOR HTTP header), localhost:9003 (fallback through xdebug.client_host/xdebug.client_port) :-(
[04-Aug-2023 14:01:20 UTC] Xdebug: [Step Debug] Could not connect to debugging client. Tried: ::1:9003 (from HTTP_X_FORWARDED_FOR HTTP header), localhost:9003 (fallback through xdebug.client_host/xdebug.client_port) :-(
[04-Aug-2023 14:01:20 UTC] Xdebug: [Step Debug] Could not connect to debugging client. Tried: localhost:9003 (fallback through xdebug.client_host/xdebug.client_port) :-(
[04-Aug-2023 14:01:20 UTC] Xdebug: [Step Debug] Could not connect to debugging client. Tried: localhost:9003 (fallback through xdebug.client_host/xdebug.client_port) :-(
[04-Aug-2023 14:01:20 UTC] Xdebug: [Step Debug] Could not connect to debugging client. Tried: localhost:9003 (fallback through xdebug.client_host/xdebug.client_port) :-(
[04-Aug-2023 14:01:20 UTC] Xdebug: [Step Debug] Could not connect to debugging client. Tried: localhost:9003 (fallback through xdebug.client_host/xdebug.client_port) :-(
[04-Aug-2023 14:01:20 UTC] Xdebug: [Step Debug] Could not connect to debugging client. Tried: localhost:9003 (fallback through xdebug.client_host/xdebug.client_port) :-(
[04-Aug-2023 14:01:20 UTC] Xdebug: [Step Debug] Could not connect to debugging client. Tried: localhost:9003 (fallback through xdebug.client_host/xdebug.client_port) :-(
[04-Aug-2023 14:01:20 UTC] Xdebug: [Step Debug] Could not connect to debugging client. Tried: localhost:9003 (fallback through xdebug.client_host/xdebug.client_port) :-(
[04-Aug-2023 14:01:20 UTC] Xdebug: [Step Debug] Could not connect to debugging client. Tried: localhost:9003 (fallback through xdebug.client_host/xdebug.client_port) :-(
[04-Aug-2023 14:01:20 UTC] Xdebug: [Step Debug] Could not connect to debugging client. Tried: localhost:9003 (fallback through xdebug.client_host/xdebug.client_port) :-(
[04-Aug-2023 14:01:20 UTC] Xdebug: [Step Debug] Could not connect to debugging client. Tried: localhost:9003 (fallback through xdebug.client_host/xdebug.client_port) :-(
[04-Aug-2023 14:01:20 UTC] Xdebug: [Step Debug] Could not connect to debugging client. Tried: localhost:9003 (fallback through xdebug.client_host/xdebug.client_port) :-(
[04-Aug-2023 14:01:20 UTC] Xdebug: [Step Debug] Could not connect to debugging client. Tried: localhost:9003 (fallback through xdebug.client_host/xdebug.client_port) :-(
[04-Aug-2023 14:01:20 UTC] Xdebug: [Step Debug] Could not connect to debugging client. Tried: localhost:9003 (fallback through xdebug.client_host/xdebug.client_port) :-(
[04-Aug-2023 14:01:21 UTC] Xdebug: [Step Debug] Could not connect to debugging client. Tried: localhost:9003 (fallback through xdebug.client_host/xdebug.client_port) :-(
[04-Aug-2023 14:01:21 UTC] Xdebug: [Step Debug] Could not connect to debugging client. Tried: localhost:9003 (fallback through xdebug.client_host/xdebug.client_port) :-(
[04-Aug-2023 14:01:21 UTC] Xdebug: [Step Debug] Could not connect to debugging client. Tried: localhost:9003 (fallback through xdebug.client_host/xdebug.client_port) :-(
[04-Aug-2023 14:01:21 UTC] Xdebug: [Step Debug] Could not connect to debugging client. Tried: localhost:9003 (fallback through xdebug.client_host/xdebug.client_port) :-(
[04-Aug-2023 14:01:21 UTC] Xdebug: [Step Debug] Could not connect to debugging client. Tried: localhost:9003 (fallback through xdebug.client_host/xdebug.client_port) :-(
[04-Aug-2023 14:01:21 UTC] Xdebug: [Step Debug] Could not connect to debugging client. Tried: localhost:9003 (fallback through xdebug.client_host/xdebug.client_port) :-(
[04-Aug-2023 14:01:21 UTC] Xdebug: [Step Debug] Could not connect to debugging client. Tried: localhost:9003 (fallback through xdebug.client_host/xdebug.client_port) :-(
[04-Aug-2023 14:01:21 UTC] Xdebug: [Step Debug] Could not connect to debugging client. Tried: localhost:9003 (fallback through xdebug.client_host/xdebug.client_port) :-(
[04-Aug-2023 14:01:21 UTC] Xdebug: [Step Debug] Could not connect to debugging client. Tried: localhost:9003 (fallback through xdebug.client_host/xdebug.client_port) :-(
[04-Aug-2023 14:01:21 UTC] Xdebug: [Step Debug] Could not connect to debugging client. Tried: localhost:9003 (fallback through xdebug.client_host/xdebug.client_port) :-(
[04-Aug-2023 14:01:21 UTC] Xdebug: [Step Debug] Could not connect to debugging client. Tried: localhost:9003 (fallback through xdebug.client_host/xdebug.client_port) :-(
[04-Aug-2023 14:01:21 UTC] Xdebug: [Step Debug] Could not connect to debugging client. Tried: localhost:9003 (fallback through xdebug.client_host/xdebug.client_port) :-(
[04-Aug-2023 14:01:21 UTC] Xdebug: [Step Debug] Could not connect to debugging client. Tried: localhost:9003 (fallback through xdebug.client_host/xdebug.client_port) :-(
[04-Aug-2023 14:01:21 UTC] Xdebug: [Step Debug] Could not connect to debugging client. Tried: localhost:9003 (fallback through xdebug.client_host/xdebug.client_port) :-(
[04-Aug-2023 14:01:21 UTC] Xdebug: [Step Debug] Could not connect to debugging client. Tried: localhost:9003 (fallback through xdebug.client_host/xdebug.client_port) :-(
[04-Aug-2023 14:01:21 UTC] Xdebug: [Step Debug] Could not connect to debugging client. Tried: localhost:9003 (fallback through xdebug.client_host/xdebug.client_port) :-(
[04-Aug-2023 14:01:21 UTC] Xdebug: [Step Debug] Could not connect to debugging client. Tried: localhost:9003 (fallback through xdebug.client_host/xdebug.client_port) :-(
[04-Aug-2023 14:01:21 UTC] Xdebug: [Step Debug] Could not connect to debugging client. Tried: localhost:9003 (fallback through xdebug.client_host/xdebug.client_port) :-(
[04-Aug-2023 14:01:21 UTC] Xdebug: [Step Debug] Could not connect to debugging client. Tried: localhost:9003 (fallback through xdebug.client_host/xdebug.client_port) :-(
[04-Aug-2023 14:01:21 UTC] Xdebug: [Step Debug] Could not connect to debugging client. Tried: localhost:9003 (fallback through xdebug.client_host/xdebug.client_port) :-(
[04-Aug-2023 14:01:21 UTC] Xdebug: [Step Debug] Could not connect to debugging client. Tried: localhost:9003 (fallback through xdebug.client_host/xdebug.client_port) :-(
[04-Aug-2023 14:01:23 UTC] Xdebug: [Step Debug] Could not connect to debugging client. Tried: ::1:9003 (from HTTP_X_FORWARDED_FOR HTTP header), localhost:9003 (fallback through xdebug.client_host/xdebug.client_port) :-(
[04-Aug-2023 14:01:23 UTC] Xdebug: [Step Debug] Could not connect to debugging client. Tried: ::1:9003 (from HTTP_X_FORWARDED_FOR HTTP header), localhost:9003 (fallback through xdebug.client_host/xdebug.client_port) :-(
[04-Aug-2023 14:01:23 UTC] Xdebug: [Step Debug] Could not connect to debugging client. Tried: ::1:9003 (from HTTP_X_FORWARDED_FOR HTTP header), localhost:9003 (fallback through xdebug.client_host/xdebug.client_port) :-(
[04-Aug-2023 14:01:23 UTC] Xdebug: [Step Debug] Could not connect to debugging client. Tried: ::1:9003 (from HTTP_X_FORWARDED_FOR HTTP header), localhost:9003 (fallback through xdebug.client_host/xdebug.client_port) :-(
[04-Aug-2023 14:01:23 UTC] Xdebug: [Step Debug] Could not connect to debugging client. Tried: ::1:9003 (from HTTP_X_FORWARDED_FOR HTTP header), localhost:9003 (fallback through xdebug.client_host/xdebug.client_port) :-(
[04-Aug-2023 14:01:23 UTC] Xdebug: [Step Debug] Could not connect to debugging client. Tried: ::1:9003 (from HTTP_X_FORWARDED_FOR HTTP header), localhost:9003 (fallback through xdebug.client_host/xdebug.client_port) :-(
[04-Aug-2023 14:02:54 UTC] Xdebug: [Step Debug] Could not connect to debugging client. Tried: ::1:9003 (from HTTP_X_FORWARDED_FOR HTTP header), localhost:9003 (fallback through xdebug.client_host/xdebug.client_port) :-(
[04-Aug-2023 14:02:54 UTC] Xdebug: [Step Debug] Could not connect to debugging client. Tried: ::1:9003 (from HTTP_X_FORWARDED_FOR HTTP header), localhost:9003 (fallback through xdebug.client_host/xdebug.client_port) :-(
[04-Aug-2023 14:02:54 UTC] Xdebug: [Step Debug] Could not connect to debugging client. Tried: ::1:9003 (from HTTP_X_FORWARDED_FOR HTTP header), localhost:9003 (fallback through xdebug.client_host/xdebug.client_port) :-(
[04-Aug-2023 14:02:54 UTC] Xdebug: [Step Debug] Could not connect to debugging client. Tried: ::1:9003 (from HTTP_X_FORWARDED_FOR HTTP header), localhost:9003 (fallback through xdebug.client_host/xdebug.client_port) :-(
[04-Aug-2023 14:02:54 UTC] Xdebug: [Step Debug] Could not connect to debugging client. Tried: ::1:9003 (from HTTP_X_FORWARDED_FOR HTTP header), localhost:9003 (fallback through xdebug.client_host/xdebug.client_port) :-(
[04-Aug-2023 14:02:54 UTC] Xdebug: [Step Debug] Could not connect to debugging client. Tried: ::1:9003 (from HTTP_X_FORWARDED_FOR HTTP header), localhost:9003 (fallback through xdebug.client_host/xdebug.client_port) :-(
[04-Aug-2023 14:02:54 UTC] Xdebug: [Step Debug] Could not connect to debugging client. Tried: ::1:9003 (from HTTP_X_FORWARDED_FOR HTTP header), localhost:9003 (fallback through xdebug.client_host/xdebug.client_port) :-(
[04-Aug-2023 14:02:54 UTC] Xdebug: [Step Debug] Could not connect to debugging client. Tried: ::1:9003 (from HTTP_X_FORWARDED_FOR HTTP header), localhost:9003 (fallback through xdebug.client_host/xdebug.client_port) :-(
[04-Aug-2023 14:02:54 UTC] Xdebug: [Step Debug] Could not connect to debugging client. Tried: ::1:9003 (from HTTP_X_FORWARDED_FOR HTTP header), localhost:9003 (fallback through xdebug.client_host/xdebug.client_port) :-(
[04-Aug-2023 14:02:54 UTC] Xdebug: [Step Debug] Could not connect to debugging client. Tried: ::1:9003 (from HTTP_X_FORWARDED_FOR HTTP header), localhost:9003 (fallback through xdebug.client_host/xdebug.client_port) :-(
[04-Aug-2023 14:02:54 UTC] Xdebug: [Step Debug] Could not connect to debugging client. Tried: ::1:9003 (from HTTP_X_FORWARDED_FOR HTTP header), localhost:9003 (fallback through xdebug.client_host/xdebug.client_port) :-(
[04-Aug-2023 14:02:54 UTC] Xdebug: [Step Debug] Could not connect to debugging client. Tried: ::1:9003 (from HTTP_X_FORWARDED_FOR HTTP header), localhost:9003 (fallback through xdebug.client_host/xdebug.client_port) :-(
[04-Aug-2023 14:02:54 UTC] Xdebug: [Step Debug] Could not connect to debugging client. Tried: ::1:9003 (from HTTP_X_FORWARDED_FOR HTTP header), localhost:9003 (fallback through xdebug.client_host/xdebug.client_port) :-(
[04-Aug-2023 14:02:54 UTC] Xdebug: [Step Debug] Could not connect to debugging client. Tried: ::1:9003 (from HTTP_X_FORWARDED_FOR HTTP header), localhost:9003 (fallback through xdebug.client_host/xdebug.client_port) :-(
[04-Aug-2023 14:02:54 UTC] Xdebug: [Step Debug] Could not connect to debugging client. Tried: ::1:9003 (from HTTP_X_FORWARDED_FOR HTTP header), localhost:9003 (fallback through xdebug.client_host/xdebug.client_port) :-(
[04-Aug-2023 14:02:54 UTC] Xdebug: [Step Debug] Could not connect to debugging client. Tried: ::1:9003 (from HTTP_X_FORWARDED_FOR HTTP header), localhost:9003 (fallback through xdebug.client_host/xdebug.client_port) :-(
[04-Aug-2023 14:02:54 UTC] Xdebug: [Step Debug] Could not connect to debugging client. Tried: ::1:9003 (from HTTP_X_FORWARDED_FOR HTTP header), localhost:9003 (fallback through xdebug.client_host/xdebug.client_port) :-(
[04-Aug-2023 14:02:54 UTC] Xdebug: [Step Debug] Could not connect to debugging client. Tried: ::1:9003 (from HTTP_X_FORWARDED_FOR HTTP header), localhost:9003 (fallback through xdebug.client_host/xdebug.client_port) :-(
[04-Aug-2023 14:02:54 UTC] Xdebug: [Step Debug] Could not connect to debugging client. Tried: ::1:9003 (from HTTP_X_FORWARDED_FOR HTTP header), localhost:9003 (fallback through xdebug.client_host/xdebug.client_port) :-(
[04-Aug-2023 14:02:54 UTC] Xdebug: [Step Debug] Could not connect to debugging client. Tried: ::1:9003 (from HTTP_X_FORWARDED_FOR HTTP header), localhost:9003 (fallback through xdebug.client_host/xdebug.client_port) :-(
[04-Aug-2023 14:03:20 UTC] Xdebug: [Step Debug] Could not connect to debugging client. Tried: ::1:9003 (from HTTP_X_FORWARDED_FOR HTTP header), localhost:9003 (fallback through xdebug.client_host/xdebug.client_port) :-(
[04-Aug-2023 14:03:20 UTC] Xdebug: [Step Debug] Could not connect to debugging client. Tried: ::1:9003 (from HTTP_X_FORWARDED_FOR HTTP header), localhost:9003 (fallback through xdebug.client_host/xdebug.client_port) :-(
[04-Aug-2023 14:03:20 UTC] Xdebug: [Step Debug] Could not connect to debugging client. Tried: ::1:9003 (from HTTP_X_FORWARDED_FOR HTTP header), localhost:9003 (fallback through xdebug.client_host/xdebug.client_port) :-(
[04-Aug-2023 14:03:20 UTC] Xdebug: [Step Debug] Could not connect to debugging client. Tried: ::1:9003 (from HTTP_X_FORWARDED_FOR HTTP header), localhost:9003 (fallback through xdebug.client_host/xdebug.client_port) :-(
[04-Aug-2023 14:03:21 UTC] Xdebug: [Step Debug] Could not connect to debugging client. Tried: ::1:9003 (from HTTP_X_FORWARDED_FOR HTTP header), localhost:9003 (fallback through xdebug.client_host/xdebug.client_port) :-(
[04-Aug-2023 14:03:21 UTC] Xdebug: [Step Debug] Could not connect to debugging client. Tried: ::1:9003 (from HTTP_X_FORWARDED_FOR HTTP header), localhost:9003 (fallback through xdebug.client_host/xdebug.client_port) :-(
[04-Aug-2023 14:03:21 UTC] Xdebug: [Step Debug] Could not connect to debugging client. Tried: ::1:9003 (from HTTP_X_FORWARDED_FOR HTTP header), localhost:9003 (fallback through xdebug.client_host/xdebug.client_port) :-(
[04-Aug-2023 14:03:21 UTC] Xdebug: [Step Debug] Could not connect to debugging client. Tried: ::1:9003 (from HTTP_X_FORWARDED_FOR HTTP header), localhost:9003 (fallback through xdebug.client_host/xdebug.client_port) :-(
[04-Aug-2023 14:03:21 UTC] Xdebug: [Step Debug] Could not connect to debugging client. Tried: ::1:9003 (from HTTP_X_FORWARDED_FOR HTTP header), localhost:9003 (fallback through xdebug.client_host/xdebug.client_port) :-(
[04-Aug-2023 14:03:21 UTC] Xdebug: [Step Debug] Could not connect to debugging client. Tried: ::1:9003 (from HTTP_X_FORWARDED_FOR HTTP header), localhost:9003 (fallback through xdebug.client_host/xdebug.client_port) :-(
[04-Aug-2023 14:03:21 UTC] Xdebug: [Step Debug] Could not connect to debugging client. Tried: ::1:9003 (from HTTP_X_FORWARDED_FOR HTTP header), localhost:9003 (fallback through xdebug.client_host/xdebug.client_port) :-(
[04-Aug-2023 14:03:21 UTC] Xdebug: [Step Debug] Could not connect to debugging client. Tried: ::1:9003 (from HTTP_X_FORWARDED_FOR HTTP header), localhost:9003 (fallback through xdebug.client_host/xdebug.client_port) :-(
[04-Aug-2023 14:03:21 UTC] Xdebug: [Step Debug] Could not connect to debugging client. Tried: ::1:9003 (from HTTP_X_FORWARDED_FOR HTTP header), localhost:9003 (fallback through xdebug.client_host/xdebug.client_port) :-(
[04-Aug-2023 14:03:21 UTC] Xdebug: [Step Debug] Could not connect to debugging client. Tried: ::1:9003 (from HTTP_X_FORWARDED_FOR HTTP header), localhost:9003 (fallback through xdebug.client_host/xdebug.client_port) :-(
[04-Aug-2023 14:03:21 UTC] Xdebug: [Step Debug] Could not connect to debugging client. Tried: ::1:9003 (from HTTP_X_FORWARDED_FOR HTTP header), localhost:9003 (fallback through xdebug.client_host/xdebug.client_port) :-(
[04-Aug-2023 14:03:21 UTC] Xdebug: [Step Debug] Could not connect to debugging client. Tried: ::1:9003 (from HTTP_X_FORWARDED_FOR HTTP header), localhost:9003 (fallback through xdebug.client_host/xdebug.client_port) :-(
[04-Aug-2023 14:03:29 UTC] Xdebug: [Step Debug] Could not connect to debugging client. Tried: ::1:9003 (from HTTP_X_FORWARDED_FOR HTTP header), localhost:9003 (fallback through xdebug.client_host/xdebug.client_port) :-(
[04-Aug-2023 14:03:29 UTC] Xdebug: [Step Debug] Could not connect to debugging client. Tried: ::1:9003 (from HTTP_X_FORWARDED_FOR HTTP header), localhost:9003 (fallback through xdebug.client_host/xdebug.client_port) :-(
[04-Aug-2023 14:03:30 UTC] Xdebug: [Step Debug] Could not connect to debugging client. Tried: ::1:9003 (from HTTP_X_FORWARDED_FOR HTTP header), localhost:9003 (fallback through xdebug.client_host/xdebug.client_port) :-(
[04-Aug-2023 14:03:30 UTC] Xdebug: [Step Debug] Could not connect to debugging client. Tried: ::1:9003 (from HTTP_X_FORWARDED_FOR HTTP header), localhost:9003 (fallback through xdebug.client_host/xdebug.client_port) :-(
[04-Aug-2023 14:03:30 UTC] Xdebug: [Step Debug] Could not connect to debugging client. Tried: ::1:9003 (from HTTP_X_FORWARDED_FOR HTTP header), localhost:9003 (fallback through xdebug.client_host/xdebug.client_port) :-(
[04-Aug-2023 14:03:30 UTC] Xdebug: [Step Debug] Could not connect to debugging client. Tried: ::1:9003 (from HTTP_X_FORWARDED_FOR HTTP header), localhost:9003 (fallback through xdebug.client_host/xdebug.client_port) :-(
[04-Aug-2023 14:03:30 UTC] Xdebug: [Step Debug] Could not connect to debugging client. Tried: ::1:9003 (from HTTP_X_FORWARDED_FOR HTTP header), localhost:9003 (fallback through xdebug.client_host/xdebug.client_port) :-(
[04-Aug-2023 14:03:30 UTC] Xdebug: [Step Debug] Could not connect to debugging client. Tried: ::1:9003 (from HTTP_X_FORWARDED_FOR HTTP header), localhost:9003 (fallback through xdebug.client_host/xdebug.client_port) :-(
[04-Aug-2023 14:03:30 UTC] Xdebug: [Step Debug] Could not connect to debugging client. Tried: ::1:9003 (from HTTP_X_FORWARDED_FOR HTTP header), localhost:9003 (fallback through xdebug.client_host/xdebug.client_port) :-(
[04-Aug-2023 14:03:30 UTC] Xdebug: [Step Debug] Could not connect to debugging client. Tried: ::1:9003 (from HTTP_X_FORWARDED_FOR HTTP header), localhost:9003 (fallback through xdebug.client_host/xdebug.client_port) :-(
[04-Aug-2023 14:03:30 UTC] Xdebug: [Step Debug] Could not connect to debugging client. Tried: ::1:9003 (from HTTP_X_FORWARDED_FOR HTTP header), localhost:9003 (fallback through xdebug.client_host/xdebug.client_port) :-(
[04-Aug-2023 14:03:30 UTC] Xdebug: [Step Debug] Could not connect to debugging client. Tried: ::1:9003 (from HTTP_X_FORWARDED_FOR HTTP header), localhost:9003 (fallback through xdebug.client_host/xdebug.client_port) :-(
[04-Aug-2023 14:03:30 UTC] Xdebug: [Step Debug] Could not connect to debugging client. Tried: ::1:9003 (from HTTP_X_FORWARDED_FOR HTTP header), localhost:9003 (fallback through xdebug.client_host/xdebug.client_port) :-(
[04-Aug-2023 14:03:41 UTC] Xdebug: [Step Debug] Could not connect to debugging client. Tried: ::1:9003 (from HTTP_X_FORWARDED_FOR HTTP header), localhost:9003 (fallback through xdebug.client_host/xdebug.client_port) :-(
[04-Aug-2023 14:03:41 UTC] Xdebug: [Step Debug] Could not connect to debugging client. Tried: ::1:9003 (from HTTP_X_FORWARDED_FOR HTTP header), localhost:9003 (fallback through xdebug.client_host/xdebug.client_port) :-(
[04-Aug-2023 14:03:41 UTC] Xdebug: [Step Debug] Could not connect to debugging client. Tried: ::1:9003 (from HTTP_X_FORWARDED_FOR HTTP header), localhost:9003 (fallback through xdebug.client_host/xdebug.client_port) :-(
[04-Aug-2023 14:03:41 UTC] Xdebug: [Step Debug] Could not connect to debugging client. Tried: ::1:9003 (from HTTP_X_FORWARDED_FOR HTTP header), localhost:9003 (fallback through xdebug.client_host/xdebug.client_port) :-(
[04-Aug-2023 14:03:41 UTC] Xdebug: [Step Debug] Could not connect to debugging client. Tried: ::1:9003 (from HTTP_X_FORWARDED_FOR HTTP header), localhost:9003 (fallback through xdebug.client_host/xdebug.client_port) :-(
[04-Aug-2023 14:03:41 UTC] Xdebug: [Step Debug] Could not connect to debugging client. Tried: ::1:9003 (from HTTP_X_FORWARDED_FOR HTTP header), localhost:9003 (fallback through xdebug.client_host/xdebug.client_port) :-(
[04-Aug-2023 14:03:41 UTC] Xdebug: [Step Debug] Could not connect to debugging client. Tried: ::1:9003 (from HTTP_X_FORWARDED_FOR HTTP header), localhost:9003 (fallback through xdebug.client_host/xdebug.client_port) :-(
[04-Aug-2023 14:03:41 UTC] Xdebug: [Step Debug] Could not connect to debugging client. Tried: ::1:9003 (from HTTP_X_FORWARDED_FOR HTTP header), localhost:9003 (fallback through xdebug.client_host/xdebug.client_port) :-(
[04-Aug-2023 14:03:41 UTC] Xdebug: [Step Debug] Could not connect to debugging client. Tried: ::1:9003 (from HTTP_X_FORWARDED_FOR HTTP header), localhost:9003 (fallback through xdebug.client_host/xdebug.client_port) :-(
[04-Aug-2023 14:03:41 UTC] Xdebug: [Step Debug] Could not connect to debugging client. Tried: ::1:9003 (from HTTP_X_FORWARDED_FOR HTTP header), localhost:9003 (fallback through xdebug.client_host/xdebug.client_port) :-(
[04-Aug-2023 14:03:41 UTC] Xdebug: [Step Debug] Could not connect to debugging client. Tried: ::1:9003 (from HTTP_X_FORWARDED_FOR HTTP header), localhost:9003 (fallback through xdebug.client_host/xdebug.client_port) :-(
[04-Aug-2023 14:03:41 UTC] Xdebug: [Step Debug] Could not connect to debugging client. Tried: ::1:9003 (from HTTP_X_FORWARDED_FOR HTTP header), localhost:9003 (fallback through xdebug.client_host/xdebug.client_port) :-(
[04-Aug-2023 14:03:41 UTC] Xdebug: [Step Debug] Could not connect to debugging client. Tried: ::1:9003 (from HTTP_X_FORWARDED_FOR HTTP header), localhost:9003 (fallback through xdebug.client_host/xdebug.client_port) :-(
[04-Aug-2023 14:03:41 UTC] Xdebug: [Step Debug] Could not connect to debugging client. Tried: ::1:9003 (from HTTP_X_FORWARDED_FOR HTTP header), localhost:9003 (fallback through xdebug.client_host/xdebug.client_port) :-(
[04-Aug-2023 14:03:41 UTC] Xdebug: [Step Debug] Could not connect to debugging client. Tried: ::1:9003 (from HTTP_X_FORWARDED_FOR HTTP header), localhost:9003 (fallback through xdebug.client_host/xdebug.client_port) :-(
[04-Aug-2023 14:03:41 UTC] Xdebug: [Step Debug] Could not connect to debugging client. Tried: ::1:9003 (from HTTP_X_FORWARDED_FOR HTTP header), localhost:9003 (fallback through xdebug.client_host/xdebug.client_port) :-(
[04-Aug-2023 14:03:42 UTC] Xdebug: [Step Debug] Could not connect to debugging client. Tried: ::1:9003 (from HTTP_X_FORWARDED_FOR HTTP header), localhost:9003 (fallback through xdebug.client_host/xdebug.client_port) :-(
[04-Aug-2023 14:03:42 UTC] Xdebug: [Step Debug] Could not connect to debugging client. Tried: ::1:9003 (from HTTP_X_FORWARDED_FOR HTTP header), localhost:9003 (fallback through xdebug.client_host/xdebug.client_port) :-(
[04-Aug-2023 14:03:42 UTC] Xdebug: [Step Debug] Could not connect to debugging client. Tried: ::1:9003 (from HTTP_X_FORWARDED_FOR HTTP header), localhost:9003 (fallback through xdebug.client_host/xdebug.client_port) :-(
[04-Aug-2023 14:03:42 UTC] Xdebug: [Step Debug] Could not connect to debugging client. Tried: ::1:9003 (from HTTP_X_FORWARDED_FOR HTTP header), localhost:9003 (fallback through xdebug.client_host/xdebug.client_port) :-(
[04-Aug-2023 14:03:42 UTC] Xdebug: [Step Debug] Could not connect to debugging client. Tried: ::1:9003 (from HTTP_X_FORWARDED_FOR HTTP header), localhost:9003 (fallback through xdebug.client_host/xdebug.client_port) :-(
[04-Aug-2023 14:03:42 UTC] Xdebug: [Step Debug] Could not connect to debugging client. Tried: ::1:9003 (from HTTP_X_FORWARDED_FOR HTTP header), localhost:9003 (fallback through xdebug.client_host/xdebug.client_port) :-(
[04-Aug-2023 14:03:42 UTC] Xdebug: [Step Debug] Could not connect to debugging client. Tried: ::1:9003 (from HTTP_X_FORWARDED_FOR HTTP header), localhost:9003 (fallback through xdebug.client_host/xdebug.client_port) :-(
[04-Aug-2023 14:03:42 UTC] Xdebug: [Step Debug] Could not connect to debugging client. Tried: ::1:9003 (from HTTP_X_FORWARDED_FOR HTTP header), localhost:9003 (fallback through xdebug.client_host/xdebug.client_port) :-(
[04-Aug-2023 14:03:56 UTC] Xdebug: [Step Debug] Could not connect to debugging client. Tried: ::1:9003 (from HTTP_X_FORWARDED_FOR HTTP header), localhost:9003 (fallback through xdebug.client_host/xdebug.client_port) :-(
[04-Aug-2023 14:03:56 UTC] Xdebug: [Step Debug] Could not connect to debugging client. Tried: ::1:9003 (from HTTP_X_FORWARDED_FOR HTTP header), localhost:9003 (fallback through xdebug.client_host/xdebug.client_port) :-(
[04-Aug-2023 14:03:56 UTC] Xdebug: [Step Debug] Could not connect to debugging client. Tried: ::1:9003 (from HTTP_X_FORWARDED_FOR HTTP header), localhost:9003 (fallback through xdebug.client_host/xdebug.client_port) :-(
[04-Aug-2023 14:03:56 UTC] Xdebug: [Step Debug] Could not connect to debugging client. Tried: ::1:9003 (from HTTP_X_FORWARDED_FOR HTTP header), localhost:9003 (fallback through xdebug.client_host/xdebug.client_port) :-(
[04-Aug-2023 14:03:56 UTC] Xdebug: [Step Debug] Could not connect to debugging client. Tried: ::1:9003 (from HTTP_X_FORWARDED_FOR HTTP header), localhost:9003 (fallback through xdebug.client_host/xdebug.client_port) :-(
[04-Aug-2023 14:03:56 UTC] Xdebug: [Step Debug] Could not connect to debugging client. Tried: ::1:9003 (from HTTP_X_FORWARDED_FOR HTTP header), localhost:9003 (fallback through xdebug.client_host/xdebug.client_port) :-(
[04-Aug-2023 14:03:56 UTC] Xdebug: [Step Debug] Could not connect to debugging client. Tried: ::1:9003 (from HTTP_X_FORWARDED_FOR HTTP header), localhost:9003 (fallback through xdebug.client_host/xdebug.client_port) :-(
[04-Aug-2023 14:03:56 UTC] Xdebug: [Step Debug] Could not connect to debugging client. Tried: ::1:9003 (from HTTP_X_FORWARDED_FOR HTTP header), localhost:9003 (fallback through xdebug.client_host/xdebug.client_port) :-(
[04-Aug-2023 14:03:56 UTC] Xdebug: [Step Debug] Could not connect to debugging client. Tried: ::1:9003 (from HTTP_X_FORWARDED_FOR HTTP header), localhost:9003 (fallback through xdebug.client_host/xdebug.client_port) :-(
[04-Aug-2023 14:03:56 UTC] Xdebug: [Step Debug] Could not connect to debugging client. Tried: ::1:9003 (from HTTP_X_FORWARDED_FOR HTTP header), localhost:9003 (fallback through xdebug.client_host/xdebug.client_port) :-(
[04-Aug-2023 14:03:56 UTC] Xdebug: [Step Debug] Could not connect to debugging client. Tried: ::1:9003 (from HTTP_X_FORWARDED_FOR HTTP header), localhost:9003 (fallback through xdebug.client_host/xdebug.client_port) :-(
[04-Aug-2023 14:03:56 UTC] Xdebug: [Step Debug] Could not connect to debugging client. Tried: ::1:9003 (from HTTP_X_FORWARDED_FOR HTTP header), localhost:9003 (fallback through xdebug.client_host/xdebug.client_port) :-(
[04-Aug-2023 14:05:04 UTC] Xdebug: [Step Debug] Could not connect to debugging client. Tried: ::1:9003 (from HTTP_X_FORWARDED_FOR HTTP header), localhost:9003 (fallback through xdebug.client_host/xdebug.client_port) :-(
[04-Aug-2023 14:05:04 UTC] Xdebug: [Step Debug] Could not connect to debugging client. Tried: ::1:9003 (from HTTP_X_FORWARDED_FOR HTTP header), localhost:9003 (fallback through xdebug.client_host/xdebug.client_port) :-(
[04-Aug-2023 14:05:04 UTC] Xdebug: [Step Debug] Could not connect to debugging client. Tried: ::1:9003 (from HTTP_X_FORWARDED_FOR HTTP header), localhost:9003 (fallback through xdebug.client_host/xdebug.client_port) :-(
[04-Aug-2023 14:05:04 UTC] Xdebug: [Step Debug] Could not connect to debugging client. Tried: ::1:9003 (from HTTP_X_FORWARDED_FOR HTTP header), localhost:9003 (fallback through xdebug.client_host/xdebug.client_port) :-(
[04-Aug-2023 14:05:04 UTC] Xdebug: [Step Debug] Could not connect to debugging client. Tried: ::1:9003 (from HTTP_X_FORWARDED_FOR HTTP header), localhost:9003 (fallback through xdebug.client_host/xdebug.client_port) :-(
[04-Aug-2023 14:05:04 UTC] Xdebug: [Step Debug] Could not connect to debugging client. Tried: ::1:9003 (from HTTP_X_FORWARDED_FOR HTTP header), localhost:9003 (fallback through xdebug.client_host/xdebug.client_port) :-(
[04-Aug-2023 14:05:04 UTC] Xdebug: [Step Debug] Could not connect to debugging client. Tried: ::1:9003 (from HTTP_X_FORWARDED_FOR HTTP header), localhost:9003 (fallback through xdebug.client_host/xdebug.client_port) :-(
[04-Aug-2023 14:05:04 UTC] Xdebug: [Step Debug] Could not connect to debugging client. Tried: ::1:9003 (from HTTP_X_FORWARDED_FOR HTTP header), localhost:9003 (fallback through xdebug.client_host/xdebug.client_port) :-(
[04-Aug-2023 14:05:05 UTC] Xdebug: [Step Debug] Could not connect to debugging client. Tried: ::1:9003 (from HTTP_X_FORWARDED_FOR HTTP header), localhost:9003 (fallback through xdebug.client_host/xdebug.client_port) :-(
[04-Aug-2023 14:05:05 UTC] Xdebug: [Step Debug] Could not connect to debugging client. Tried: ::1:9003 (from HTTP_X_FORWARDED_FOR HTTP header), localhost:9003 (fallback through xdebug.client_host/xdebug.client_port) :-(
[04-Aug-2023 14:05:05 UTC] Xdebug: [Step Debug] Could not connect to debugging client. Tried: ::1:9003 (from HTTP_X_FORWARDED_FOR HTTP header), localhost:9003 (fallback through xdebug.client_host/xdebug.client_port) :-(
[04-Aug-2023 14:05:05 UTC] Xdebug: [Step Debug] Could not connect to debugging client. Tried: ::1:9003 (from HTTP_X_FORWARDED_FOR HTTP header), localhost:9003 (fallback through xdebug.client_host/xdebug.client_port) :-(
[04-Aug-2023 14:05:06 UTC] Xdebug: [Step Debug] Could not connect to debugging client. Tried: ::1:9003 (from HTTP_X_FORWARDED_FOR HTTP header), localhost:9003 (fallback through xdebug.client_host/xdebug.client_port) :-(
[04-Aug-2023 14:05:06 UTC] Xdebug: [Step Debug] Could not connect to debugging client. Tried: ::1:9003 (from HTTP_X_FORWARDED_FOR HTTP header), localhost:9003 (fallback through xdebug.client_host/xdebug.client_port) :-(
[04-Aug-2023 14:05:06 UTC] Xdebug: [Step Debug] Could not connect to debugging client. Tried: ::1:9003 (from HTTP_X_FORWARDED_FOR HTTP header), localhost:9003 (fallback through xdebug.client_host/xdebug.client_port) :-(
[04-Aug-2023 14:05:06 UTC] Xdebug: [Step Debug] Could not connect to debugging client. Tried: ::1:9003 (from HTTP_X_FORWARDED_FOR HTTP header), localhost:9003 (fallback through xdebug.client_host/xdebug.client_port) :-(
[04-Aug-2023 14:05:06 UTC] Xdebug: [Step Debug] Could not connect to debugging client. Tried: ::1:9003 (from HTTP_X_FORWARDED_FOR HTTP header), localhost:9003 (fallback through xdebug.client_host/xdebug.client_port) :-(
[04-Aug-2023 14:05:06 UTC] Xdebug: [Step Debug] Could not connect to debugging client. Tried: ::1:9003 (from HTTP_X_FORWARDED_FOR HTTP header), localhost:9003 (fallback through xdebug.client_host/xdebug.client_port) :-(
[04-Aug-2023 14:05:06 UTC] Xdebug: [Step Debug] Could not connect to debugging client. Tried: ::1:9003 (from HTTP_X_FORWARDED_FOR HTTP header), localhost:9003 (fallback through xdebug.client_host/xdebug.client_port) :-(
[04-Aug-2023 14:05:06 UTC] Xdebug: [Step Debug] Could not connect to debugging client. Tried: ::1:9003 (from HTTP_X_FORWARDED_FOR HTTP header), localhost:9003 (fallback through xdebug.client_host/xdebug.client_port) :-(
[04-Aug-2023 14:05:11 UTC] Xdebug: [Step Debug] Could not connect to debugging client. Tried: ::1:9003 (from HTTP_X_FORWARDED_FOR HTTP header), localhost:9003 (fallback through xdebug.client_host/xdebug.client_port) :-(
[04-Aug-2023 14:05:11 UTC] Xdebug: [Step Debug] Could not connect to debugging client. Tried: ::1:9003 (from HTTP_X_FORWARDED_FOR HTTP header), localhost:9003 (fallback through xdebug.client_host/xdebug.client_port) :-(
[04-Aug-2023 14:05:11 UTC] Xdebug: [Step Debug] Could not connect to debugging client. Tried: ::1:9003 (from HTTP_X_FORWARDED_FOR HTTP header), localhost:9003 (fallback through xdebug.client_host/xdebug.client_port) :-(
[04-Aug-2023 14:05:11 UTC] Xdebug: [Step Debug] Could not connect to debugging client. Tried: ::1:9003 (from HTTP_X_FORWARDED_FOR HTTP header), localhost:9003 (fallback through xdebug.client_host/xdebug.client_port) :-(
[04-Aug-2023 14:05:11 UTC] Xdebug: [Step Debug] Could not connect to debugging client. Tried: ::1:9003 (from HTTP_X_FORWARDED_FOR HTTP header), localhost:9003 (fallback through xdebug.client_host/xdebug.client_port) :-(
[04-Aug-2023 14:05:11 UTC] Xdebug: [Step Debug] Could not connect to debugging client. Tried: ::1:9003 (from HTTP_X_FORWARDED_FOR HTTP header), localhost:9003 (fallback through xdebug.client_host/xdebug.client_port) :-(
[04-Aug-2023 14:05:11 UTC] Xdebug: [Step Debug] Could not connect to debugging client. Tried: ::1:9003 (from HTTP_X_FORWARDED_FOR HTTP header), localhost:9003 (fallback through xdebug.client_host/xdebug.client_port) :-(
[04-Aug-2023 14:05:11 UTC] Xdebug: [Step Debug] Could not connect to debugging client. Tried: ::1:9003 (from HTTP_X_FORWARDED_FOR HTTP header), localhost:9003 (fallback through xdebug.client_host/xdebug.client_port) :-(
[04-Aug-2023 14:05:12 UTC] Xdebug: [Step Debug] Could not connect to debugging client. Tried: ::1:9003 (from HTTP_X_FORWARDED_FOR HTTP header), localhost:9003 (fallback through xdebug.client_host/xdebug.client_port) :-(
[04-Aug-2023 14:05:12 UTC] Xdebug: [Step Debug] Could not connect to debugging client. Tried: ::1:9003 (from HTTP_X_FORWARDED_FOR HTTP header), localhost:9003 (fallback through xdebug.client_host/xdebug.client_port) :-(
[04-Aug-2023 14:05:12 UTC] Xdebug: [Step Debug] Could not connect to debugging client. Tried: ::1:9003 (from HTTP_X_FORWARDED_FOR HTTP header), localhost:9003 (fallback through xdebug.client_host/xdebug.client_port) :-(
[04-Aug-2023 14:05:12 UTC] Xdebug: [Step Debug] Could not connect to debugging client. Tried: ::1:9003 (from HTTP_X_FORWARDED_FOR HTTP header), localhost:9003 (fallback through xdebug.client_host/xdebug.client_port) :-(
[04-Aug-2023 14:06:18 UTC] Xdebug: [Step Debug] Could not connect to debugging client. Tried: ::1:9003 (from HTTP_X_FORWARDED_FOR HTTP header), localhost:9003 (fallback through xdebug.client_host/xdebug.client_port) :-(
[04-Aug-2023 14:06:18 UTC] Xdebug: [Step Debug] Could not connect to debugging client. Tried: ::1:9003 (from HTTP_X_FORWARDED_FOR HTTP header), localhost:9003 (fallback through xdebug.client_host/xdebug.client_port) :-(
[04-Aug-2023 14:06:18 UTC] Xdebug: [Step Debug] Could not connect to debugging client. Tried: ::1:9003 (from HTTP_X_FORWARDED_FOR HTTP header), localhost:9003 (fallback through xdebug.client_host/xdebug.client_port) :-(
[04-Aug-2023 14:06:18 UTC] Xdebug: [Step Debug] Could not connect to debugging client. Tried: ::1:9003 (from HTTP_X_FORWARDED_FOR HTTP header), localhost:9003 (fallback through xdebug.client_host/xdebug.client_port) :-(
[04-Aug-2023 14:06:18 UTC] Xdebug: [Step Debug] Could not connect to debugging client. Tried: ::1:9003 (from HTTP_X_FORWARDED_FOR HTTP header), localhost:9003 (fallback through xdebug.client_host/xdebug.client_port) :-(
[04-Aug-2023 14:06:18 UTC] Xdebug: [Step Debug] Could not connect to debugging client. Tried: ::1:9003 (from HTTP_X_FORWARDED_FOR HTTP header), localhost:9003 (fallback through xdebug.client_host/xdebug.client_port) :-(
[04-Aug-2023 14:06:18 UTC] Xdebug: [Step Debug] Could not connect to debugging client. Tried: ::1:9003 (from HTTP_X_FORWARDED_FOR HTTP header), localhost:9003 (fallback through xdebug.client_host/xdebug.client_port) :-(
[04-Aug-2023 14:06:18 UTC] Xdebug: [Step Debug] Could not connect to debugging client. Tried: ::1:9003 (from HTTP_X_FORWARDED_FOR HTTP header), localhost:9003 (fallback through xdebug.client_host/xdebug.client_port) :-(
[04-Aug-2023 14:06:18 UTC] Xdebug: [Step Debug] Could not connect to debugging client. Tried: ::1:9003 (from HTTP_X_FORWARDED_FOR HTTP header), localhost:9003 (fallback through xdebug.client_host/xdebug.client_port) :-(
[04-Aug-2023 14:06:18 UTC] Xdebug: [Step Debug] Could not connect to debugging client. Tried: ::1:9003 (from HTTP_X_FORWARDED_FOR HTTP header), localhost:9003 (fallback through xdebug.client_host/xdebug.client_port) :-(
[04-Aug-2023 14:06:18 UTC] Xdebug: [Step Debug] Could not connect to debugging client. Tried: ::1:9003 (from HTTP_X_FORWARDED_FOR HTTP header), localhost:9003 (fallback through xdebug.client_host/xdebug.client_port) :-(
[04-Aug-2023 14:06:18 UTC] Xdebug: [Step Debug] Could not connect to debugging client. Tried: ::1:9003 (from HTTP_X_FORWARDED_FOR HTTP header), localhost:9003 (fallback through xdebug.client_host/xdebug.client_port) :-(
[04-Aug-2023 14:06:19 UTC] Xdebug: [Step Debug] Could not connect to debugging client. Tried: ::1:9003 (from HTTP_X_FORWARDED_FOR HTTP header), localhost:9003 (fallback through xdebug.client_host/xdebug.client_port) :-(
[04-Aug-2023 14:06:19 UTC] Xdebug: [Step Debug] Could not connect to debugging client. Tried: ::1:9003 (from HTTP_X_FORWARDED_FOR HTTP header), localhost:9003 (fallback through xdebug.client_host/xdebug.client_port) :-(
[04-Aug-2023 14:06:19 UTC] Xdebug: [Step Debug] Could not connect to debugging client. Tried: ::1:9003 (from HTTP_X_FORWARDED_FOR HTTP header), localhost:9003 (fallback through xdebug.client_host/xdebug.client_port) :-(
[04-Aug-2023 14:06:19 UTC] Xdebug: [Step Debug] Could not connect to debugging client. Tried: ::1:9003 (from HTTP_X_FORWARDED_FOR HTTP header), localhost:9003 (fallback through xdebug.client_host/xdebug.client_port) :-(
[04-Aug-2023 14:06:20 UTC] Xdebug: [Step Debug] Could not connect to debugging client. Tried: ::1:9003 (from HTTP_X_FORWARDED_FOR HTTP header), localhost:9003 (fallback through xdebug.client_host/xdebug.client_port) :-(
[04-Aug-2023 14:06:20 UTC] Xdebug: [Step Debug] Could not connect to debugging client. Tried: ::1:9003 (from HTTP_X_FORWARDED_FOR HTTP header), localhost:9003 (fallback through xdebug.client_host/xdebug.client_port) :-(
[04-Aug-2023 14:06:20 UTC] Xdebug: [Step Debug] Could not connect to debugging client. Tried: ::1:9003 (from HTTP_X_FORWARDED_FOR HTTP header), localhost:9003 (fallback through xdebug.client_host/xdebug.client_port) :-(
[04-Aug-2023 14:06:20 UTC] Xdebug: [Step Debug] Could not connect to debugging client. Tried: ::1:9003 (from HTTP_X_FORWARDED_FOR HTTP header), localhost:9003 (fallback through xdebug.client_host/xdebug.client_port) :-(
